2025-11-28 23:49:00,319 - INFO - Starting COMPLETE automated training pipeline...
2025-11-28 23:49:00,319 - INFO - This will download and train on both FakeNewsNet + Fakeddit datasets
2025-11-28 23:49:00,320 - INFO - Step 1: Downloading FakeNewsNet dataset...
2025-11-28 23:49:00,320 - INFO - Downloading FakeNewsNet dataset...
2025-11-28 23:49:00,321 - INFO - Downloading politifact_fake.csv...
2025-11-28 23:49:09,122 - INFO - Downloaded politifact_fake.csv successfully
2025-11-28 23:49:09,123 - INFO - Downloading politifact_real.csv...
2025-11-28 23:49:20,926 - INFO - Downloaded politifact_real.csv successfully
2025-11-28 23:49:20,937 - INFO - Downloading gossipcop_fake.csv...
2025-11-28 23:49:34,152 - INFO - Downloaded gossipcop_fake.csv successfully
2025-11-28 23:49:34,153 - INFO - Downloading gossipcop_real.csv...
2025-11-28 23:49:51,720 - INFO - Downloaded gossipcop_real.csv successfully
2025-11-28 23:49:51,721 - INFO - FakeNewsNet dataset download completed!
2025-11-28 23:49:51,727 - INFO - Step 2: Downloading Fakeddit dataset...
2025-11-28 23:49:51,728 - INFO - Downloading Fakeddit dataset...
2025-11-28 23:49:51,730 - INFO - Creating comprehensive sample Fakeddit dataset...
2025-11-28 23:49:51,817 - INFO - Created train.tsv with 1000 samples
2025-11-28 23:49:51,819 - INFO - Created validate.tsv with 125 samples
2025-11-28 23:49:51,822 - INFO - Created test.tsv with 125 samples
2025-11-28 23:49:51,823 - INFO - Fakeddit dataset preparation completed!
2025-11-28 23:49:51,823 - INFO - Note: This is a comprehensive sample. For production, download the full dataset from:
2025-11-28 23:49:51,823 - INFO - https://drive.google.com/drive/folders/1jU7qgDqU1je9Y0PMKJ_f31yXRo5uWGFm?usp=sharing
2025-11-28 23:49:51,824 - INFO - Step 3: Loading and processing all datasets...
2025-11-28 23:49:51,824 - INFO - Loading combined datasets...
2025-11-28 23:49:51,902 - INFO - Loaded 432 rows from politifact_fake.csv
2025-11-28 23:49:52,079 - INFO - Loaded 624 rows from politifact_real.csv
2025-11-28 23:49:52,298 - INFO - Loaded 5323 rows from gossipcop_fake.csv
2025-11-28 23:49:52,886 - INFO - Loaded 16817 rows from gossipcop_real.csv
2025-11-28 23:49:53,851 - INFO - Loaded 1000 rows from train.tsv
2025-11-28 23:49:53,932 - INFO - Loaded 125 rows from validate.tsv
2025-11-28 23:49:53,967 - INFO - Loaded 125 rows from test.tsv
2025-11-28 23:49:54,003 - INFO - Preprocessing combined text data...
2025-11-28 23:49:54,509 - INFO - Total combined dataset: 1500 samples
2025-11-28 23:49:54,510 - INFO - Label distribution:\nlabel
1    1125
0     375
Name: count, dtype: int64
2025-11-28 23:49:54,512 - INFO - Dataset distribution:\ndataset
fakenews    1425
fakeddit      75
Name: count, dtype: int64
2025-11-28 23:49:54,513 - INFO - Source distribution:\nsource
fakenews_gossipcop     1355
fakeddit_reddit          75
fakenews_politifact      70
Name: count, dtype: int64
2025-11-28 23:49:54,518 - INFO - Step 4: Training complete models...
2025-11-28 23:49:54,519 - INFO - Starting complete model training on full combined dataset...
2025-11-28 23:49:54,522 - INFO - Training set size: 1200
2025-11-28 23:49:54,522 - INFO - Test set size: 300
2025-11-28 23:49:54,522 - INFO - Vectorizing text with enhanced TF-IDF...
2025-11-28 23:49:54,539 - INFO - Training random_forest...
2025-11-28 23:50:01,023 - INFO - random_forest - Accuracy: 0.8167, F1: 0.7788
2025-11-28 23:50:01,023 - INFO - Training logistic_regression...
2025-11-28 23:50:01,065 - INFO - logistic_regression - Accuracy: 0.8167, F1: 0.7736
2025-11-28 23:50:01,065 - INFO - Training svm...
2025-11-28 23:50:01,916 - INFO - svm - Accuracy: 0.8200, F1: 0.7840
2025-11-28 23:50:01,917 - INFO - Training xgboost...
2025-11-28 23:50:05,177 - INFO - xgboost - Accuracy: 0.8167, F1: 0.7898
2025-11-28 23:50:05,177 - INFO - Training naive_bayes...
2025-11-28 23:50:05,224 - INFO - naive_bayes - Accuracy: 0.8200, F1: 0.7816
2025-11-28 23:50:05,225 - INFO - Training gradient_boosting...
2025-11-28 23:50:23,847 - INFO - gradient_boosting - Accuracy: 0.8000, F1: 0.7812
2025-11-28 23:50:23,847 - INFO - Creating mega ensemble model...
2025-11-28 23:50:25,203 - INFO - Mega ensemble - Accuracy: 0.8167, F1: 0.7736
2025-11-28 23:50:25,203 - INFO - Saving complete trained models...
2025-11-28 23:50:25,407 - INFO - Saved complete random_forest to trained_models\complete_random_forest.pkl
2025-11-28 23:50:25,410 - INFO - Saved complete logistic_regression to trained_models\complete_logistic_regression.pkl
2025-11-28 23:50:25,414 - INFO - Saved complete svm to trained_models\complete_svm.pkl
2025-11-28 23:50:25,429 - INFO - Saved complete xgboost to trained_models\complete_xgboost.pkl
2025-11-28 23:50:25,433 - INFO - Saved complete naive_bayes to trained_models\complete_naive_bayes.pkl
2025-11-28 23:50:25,456 - INFO - Saved complete gradient_boosting to trained_models\complete_gradient_boosting.pkl
2025-11-28 23:50:25,871 - INFO - Saved complete mega_ensemble to trained_models\complete_mega_ensemble.pkl
2025-11-28 23:50:25,873 - INFO - Complete training finished! Results saved to trained_models\complete_training_results.json
