2025-11-28 23:35:54,276 - INFO - Starting Enhanced FakeNewsNet + Fakeddit training pipeline...
2025-11-28 23:35:54,277 - INFO - Downloading FakeNewsNet dataset...
2025-11-28 23:35:54,278 - INFO - Downloading politifact_fake.csv...
2025-11-28 23:36:19,540 - INFO - Downloaded politifact_fake.csv successfully
2025-11-28 23:36:19,541 - INFO - Downloading politifact_real.csv...
2025-11-28 23:36:42,281 - INFO - Downloaded politifact_real.csv successfully
2025-11-28 23:36:42,282 - INFO - Downloading gossipcop_fake.csv...
2025-11-28 23:36:58,773 - INFO - Downloaded gossipcop_fake.csv successfully
2025-11-28 23:36:58,785 - INFO - Downloading gossipcop_real.csv...
2025-11-28 23:37:24,992 - INFO - Downloaded gossipcop_real.csv successfully
2025-11-28 23:37:24,993 - INFO - FakeNewsNet dataset download completed!
2025-11-28 23:37:24,998 - INFO - Setting up Fakeddit data directory...
2025-11-28 23:37:24,999 - INFO - Creating sample Fakeddit data structure...
2025-11-28 23:37:25,001 - INFO - Fakeddit setup completed (manual download required)
2025-11-28 23:37:25,001 - INFO - Loading and processing combined dataset...
2025-11-28 23:37:25,002 - INFO - Loading FakeNewsNet data...
2025-11-28 23:37:25,003 - INFO - Loading politifact_fake.csv...
2025-11-28 23:37:25,088 - INFO - Loaded 432 rows from politifact_fake.csv
2025-11-28 23:37:25,109 - INFO - Loading politifact_real.csv...
2025-11-28 23:37:25,245 - INFO - Loaded 624 rows from politifact_real.csv
2025-11-28 23:37:25,284 - INFO - Loading gossipcop_fake.csv...
2025-11-28 23:37:25,483 - INFO - Loaded 5323 rows from gossipcop_fake.csv
2025-11-28 23:37:25,760 - INFO - Loading gossipcop_real.csv...
2025-11-28 23:37:26,057 - INFO - Loaded 16817 rows from gossipcop_real.csv
2025-11-28 23:37:27,166 - INFO - Checking for Fakeddit data...
2025-11-28 23:37:27,166 - INFO - Fakeddit train.tsv not found - using FakeNewsNet only
2025-11-28 23:37:27,168 - INFO - FakeNewsNet: 23196 samples
2025-11-28 23:37:27,169 - INFO - Preprocessing combined text data...
2025-11-28 23:37:27,761 - INFO - Total combined dataset: 1425 samples
2025-11-28 23:37:27,763 - INFO - Label distribution:\nlabel
1    1125
0     300
Name: count, dtype: int64
2025-11-28 23:37:27,765 - INFO - Dataset distribution:\ndataset
fakenews    1425
Name: count, dtype: int64
2025-11-28 23:37:27,767 - INFO - Source distribution:\nsource
fakenews_gossipcop     1355
fakenews_politifact      70
Name: count, dtype: int64
2025-11-28 23:37:27,771 - INFO - Starting enhanced model training on combined dataset...
2025-11-28 23:37:27,776 - INFO - Training set size: 1140
2025-11-28 23:37:27,777 - INFO - Test set size: 285
2025-11-28 23:37:27,777 - INFO - Vectorizing text with enhanced TF-IDF...
2025-11-28 23:37:27,793 - INFO - Training random_forest...
2025-11-28 23:37:31,892 - INFO - random_forest - Accuracy: 0.7789, F1: 0.6914
2025-11-28 23:37:31,892 - INFO - Training logistic_regression...
2025-11-28 23:37:31,934 - INFO - logistic_regression - Accuracy: 0.7860, F1: 0.6949
2025-11-28 23:37:31,934 - INFO - Training svm...
2025-11-28 23:37:32,661 - INFO - svm - Accuracy: 0.7719, F1: 0.6879
2025-11-28 23:37:32,661 - INFO - Training xgboost...
2025-11-28 23:37:35,029 - INFO - xgboost - Accuracy: 0.7404, F1: 0.6943
2025-11-28 23:37:35,030 - INFO - Training naive_bayes...
2025-11-28 23:37:35,070 - INFO - naive_bayes - Accuracy: 0.7860, F1: 0.6949
2025-11-28 23:37:35,070 - INFO - Training gradient_boosting...
2025-11-28 23:37:41,988 - INFO - gradient_boosting - Accuracy: 0.7439, F1: 0.6965
2025-11-28 23:37:41,989 - INFO - Creating enhanced ensemble model...
2025-11-28 23:37:42,805 - INFO - Enhanced ensemble - Accuracy: 0.7860, F1: 0.6949
2025-11-28 23:37:42,805 - INFO - Saving enhanced models...
2025-11-28 23:37:42,933 - INFO - Saved enhanced random_forest to trained_models\enhanced_random_forest.pkl
2025-11-28 23:37:42,936 - INFO - Saved enhanced logistic_regression to trained_models\enhanced_logistic_regression.pkl
2025-11-28 23:37:42,940 - INFO - Saved enhanced svm to trained_models\enhanced_svm.pkl
2025-11-28 23:37:42,951 - INFO - Saved enhanced xgboost to trained_models\enhanced_xgboost.pkl
2025-11-28 23:37:42,954 - INFO - Saved enhanced naive_bayes to trained_models\enhanced_naive_bayes.pkl
2025-11-28 23:37:42,972 - INFO - Saved enhanced gradient_boosting to trained_models\enhanced_gradient_boosting.pkl
2025-11-28 23:37:43,198 - INFO - Saved enhanced enhanced_ensemble to trained_models\enhanced_enhanced_ensemble.pkl
2025-11-28 23:37:43,199 - INFO - Enhanced training completed! Results saved to trained_models\enhanced_training_results.json
2025-11-28 23:43:30,249 - INFO - Starting Enhanced FakeNewsNet + Fakeddit training pipeline...
2025-11-28 23:43:30,249 - INFO - Downloading FakeNewsNet dataset...
2025-11-28 23:43:30,250 - INFO - politifact_fake.csv already exists, skipping download
2025-11-28 23:43:30,251 - INFO - politifact_real.csv already exists, skipping download
2025-11-28 23:43:30,251 - INFO - gossipcop_fake.csv already exists, skipping download
2025-11-28 23:43:30,252 - INFO - gossipcop_real.csv already exists, skipping download
2025-11-28 23:43:30,252 - INFO - FakeNewsNet dataset download completed!
2025-11-28 23:43:30,252 - INFO - Setting up Fakeddit data directory...
2025-11-28 23:43:30,253 - INFO - Creating sample Fakeddit data structure...
2025-11-28 23:43:30,254 - INFO - Fakeddit setup completed (manual download required)
2025-11-28 23:43:30,254 - INFO - Loading and processing combined dataset...
2025-11-28 23:43:30,254 - INFO - Loading FakeNewsNet data...
2025-11-28 23:43:30,255 - INFO - Loading politifact_fake.csv...
2025-11-28 23:43:30,292 - INFO - Loaded 432 rows from politifact_fake.csv
2025-11-28 23:43:30,315 - INFO - Loading politifact_real.csv...
2025-11-28 23:43:30,426 - INFO - Loaded 624 rows from politifact_real.csv
2025-11-28 23:43:30,468 - INFO - Loading gossipcop_fake.csv...
2025-11-28 23:43:30,629 - INFO - Loaded 5323 rows from gossipcop_fake.csv
2025-11-28 23:43:30,880 - INFO - Loading gossipcop_real.csv...
2025-11-28 23:43:31,141 - INFO - Loaded 16817 rows from gossipcop_real.csv
2025-11-28 23:43:32,103 - INFO - Checking for Fakeddit data...
2025-11-28 23:43:32,103 - INFO - Fakeddit train.tsv not found - using FakeNewsNet only
2025-11-28 23:43:32,104 - INFO - FakeNewsNet: 23196 samples
2025-11-28 23:43:32,105 - INFO - Preprocessing combined text data...
2025-11-28 23:43:32,525 - INFO - Total combined dataset: 1425 samples
2025-11-28 23:43:32,529 - INFO - Label distribution:\nlabel
1    1125
0     300
Name: count, dtype: int64
2025-11-28 23:43:32,531 - INFO - Dataset distribution:\ndataset
fakenews    1425
Name: count, dtype: int64
2025-11-28 23:43:32,534 - INFO - Source distribution:\nsource
fakenews_gossipcop     1355
fakenews_politifact      70
Name: count, dtype: int64
2025-11-28 23:43:32,537 - INFO - Starting enhanced model training on combined dataset...
2025-11-28 23:43:32,543 - INFO - Training set size: 1140
2025-11-28 23:43:32,543 - INFO - Test set size: 285
2025-11-28 23:43:32,543 - INFO - Vectorizing text with enhanced TF-IDF...
2025-11-28 23:43:32,577 - INFO - Training random_forest...
2025-11-28 23:43:36,815 - INFO - random_forest - Accuracy: 0.7789, F1: 0.6914
2025-11-28 23:43:36,815 - INFO - Training logistic_regression...
2025-11-28 23:43:36,848 - INFO - logistic_regression - Accuracy: 0.7860, F1: 0.6949
2025-11-28 23:43:36,849 - INFO - Training svm...
2025-11-28 23:43:37,492 - INFO - svm - Accuracy: 0.7719, F1: 0.6879
2025-11-28 23:43:37,493 - INFO - Training xgboost...
2025-11-28 23:43:39,661 - INFO - xgboost - Accuracy: 0.7404, F1: 0.6943
2025-11-28 23:43:39,662 - INFO - Training naive_bayes...
2025-11-28 23:43:39,700 - INFO - naive_bayes - Accuracy: 0.7860, F1: 0.6949
2025-11-28 23:43:39,700 - INFO - Training gradient_boosting...
2025-11-28 23:43:46,815 - INFO - gradient_boosting - Accuracy: 0.7439, F1: 0.6965
2025-11-28 23:43:46,815 - INFO - Creating enhanced ensemble model...
2025-11-28 23:43:47,511 - INFO - Enhanced ensemble - Accuracy: 0.7860, F1: 0.6949
2025-11-28 23:43:47,512 - INFO - Saving enhanced models...
2025-11-28 23:43:47,608 - INFO - Saved enhanced random_forest to trained_models\enhanced_random_forest.pkl
2025-11-28 23:43:47,609 - INFO - Saved enhanced logistic_regression to trained_models\enhanced_logistic_regression.pkl
2025-11-28 23:43:47,612 - INFO - Saved enhanced svm to trained_models\enhanced_svm.pkl
2025-11-28 23:43:47,622 - INFO - Saved enhanced xgboost to trained_models\enhanced_xgboost.pkl
2025-11-28 23:43:47,624 - INFO - Saved enhanced naive_bayes to trained_models\enhanced_naive_bayes.pkl
2025-11-28 23:43:47,638 - INFO - Saved enhanced gradient_boosting to trained_models\enhanced_gradient_boosting.pkl
2025-11-28 23:43:47,853 - INFO - Saved enhanced enhanced_ensemble to trained_models\enhanced_enhanced_ensemble.pkl
2025-11-28 23:43:47,854 - INFO - Enhanced training completed! Results saved to trained_models\enhanced_training_results.json
