2025-11-28 15:19:04,921 - INFO - Starting FakeNewsNet training pipeline...
2025-11-28 15:19:04,921 - INFO - Downloading FakeNewsNet dataset...
2025-11-28 15:19:04,922 - INFO - Downloading politifact...
2025-11-28 15:19:05,892 - ERROR - Error downloading dataset: 404 Client Error: Not Found for url: https://github.com/KaiDMML/FakeNewsNet/raw/master/dataset/politifact.zip
2025-11-28 15:19:05,895 - ERROR - Failed to download dataset
2025-11-28 15:21:30,863 - INFO - Starting FakeNewsNet training pipeline...
2025-11-28 15:21:30,863 - INFO - Downloading FakeNewsNet CSV dataset...
2025-11-28 15:21:30,874 - INFO - Downloading politifact_fake.csv...
2025-11-28 15:21:34,259 - INFO - Downloaded politifact_fake.csv successfully
2025-11-28 15:21:34,260 - INFO - Downloading politifact_real.csv...
2025-11-28 15:21:38,907 - INFO - Downloaded politifact_real.csv successfully
2025-11-28 15:21:38,908 - INFO - Downloading gossipcop_fake.csv...
2025-11-28 15:21:57,616 - INFO - Downloaded gossipcop_fake.csv successfully
2025-11-28 15:21:57,618 - INFO - Downloading gossipcop_real.csv...
2025-11-28 15:22:51,717 - INFO - Downloaded gossipcop_real.csv successfully
2025-11-28 15:22:51,717 - INFO - Dataset download completed!
2025-11-28 15:22:51,722 - INFO - Loading and processing FakeNewsNet CSV data...
2025-11-28 15:22:51,723 - INFO - Loading politifact_fake.csv...
2025-11-28 15:22:51,801 - INFO - Loaded 432 rows from politifact_fake.csv
2025-11-28 15:22:51,833 - INFO - Loading politifact_real.csv...
2025-11-28 15:22:51,965 - INFO - Loaded 624 rows from politifact_real.csv
2025-11-28 15:22:52,014 - INFO - Loading gossipcop_fake.csv...
2025-11-28 15:22:52,237 - INFO - Loaded 5323 rows from gossipcop_fake.csv
2025-11-28 15:22:52,714 - INFO - Loading gossipcop_real.csv...
2025-11-28 15:22:53,071 - INFO - Loaded 16817 rows from gossipcop_real.csv
2025-11-28 15:22:54,547 - INFO - Preprocessing text data...
2025-11-28 15:22:54,875 - INFO - Loaded 23123 articles total
2025-11-28 15:22:54,879 - INFO - Label distribution:
label
1    17384
0     5739
Name: count, dtype: int64
2025-11-28 15:22:54,882 - INFO - Source distribution:
source
gossipcop     22072
politifact     1051
Name: count, dtype: int64
2025-11-28 15:22:54,887 - INFO - Starting model training...
2025-11-28 15:22:54,904 - INFO - Training set size: 18498
2025-11-28 15:22:54,904 - INFO - Test set size: 4625
2025-11-28 15:22:54,905 - INFO - Vectorizing text with TF-IDF...
2025-11-28 15:22:56,355 - INFO - Training random_forest...
2025-11-28 15:23:00,857 - INFO - random_forest - Accuracy: 0.7821, F1: 0.7159
2025-11-28 15:23:00,857 - INFO - Training logistic_regression...
2025-11-28 15:23:01,286 - INFO - logistic_regression - Accuracy: 0.8461, F1: 0.8315
2025-11-28 15:23:01,286 - INFO - Training svm...
2025-11-28 22:27:37,739 - INFO - Starting FakeNewsNet training pipeline...
2025-11-28 22:27:37,740 - INFO - Downloading FakeNewsNet CSV dataset...
2025-11-28 22:27:37,741 - INFO - politifact_fake.csv already exists, skipping download
2025-11-28 22:27:37,742 - INFO - politifact_real.csv already exists, skipping download
2025-11-28 22:27:37,742 - INFO - gossipcop_fake.csv already exists, skipping download
2025-11-28 22:27:37,742 - INFO - gossipcop_real.csv already exists, skipping download
2025-11-28 22:27:37,742 - INFO - Dataset download completed!
2025-11-28 22:27:37,743 - INFO - Loading and processing FakeNewsNet CSV data...
2025-11-28 22:27:37,743 - INFO - Loading politifact_fake.csv...
2025-11-28 22:27:37,818 - INFO - Loaded 432 rows from politifact_fake.csv
2025-11-28 22:27:37,852 - INFO - Loading politifact_real.csv...
2025-11-28 22:27:37,998 - INFO - Loaded 624 rows from politifact_real.csv
2025-11-28 22:27:38,052 - INFO - Loading gossipcop_fake.csv...
2025-11-28 22:27:38,403 - INFO - Loaded 5323 rows from gossipcop_fake.csv
2025-11-28 22:27:39,005 - INFO - Loading gossipcop_real.csv...
2025-11-28 22:27:39,466 - INFO - Loaded 16817 rows from gossipcop_real.csv
2025-11-28 22:27:43,931 - INFO - Preprocessing text data...
2025-11-28 22:27:45,116 - INFO - Loaded 23123 articles total
2025-11-28 22:27:45,124 - INFO - Label distribution:
label
1    17384
0     5739
Name: count, dtype: int64
2025-11-28 22:27:45,133 - INFO - Source distribution:
source
gossipcop     22072
politifact     1051
Name: count, dtype: int64
2025-11-28 22:27:45,143 - INFO - Starting model training...
2025-11-28 22:27:45,183 - INFO - Training set size: 18498
2025-11-28 22:27:45,183 - INFO - Test set size: 4625
2025-11-28 22:27:45,184 - INFO - Vectorizing text with TF-IDF...
2025-11-28 22:27:50,118 - INFO - Training random_forest...
2025-11-28 22:27:59,793 - INFO - random_forest - Accuracy: 0.7821, F1: 0.7159
2025-11-28 22:27:59,793 - INFO - Training logistic_regression...
2025-11-28 22:28:00,659 - INFO - logistic_regression - Accuracy: 0.8461, F1: 0.8315
2025-11-28 22:28:00,660 - INFO - Training svm...
2025-11-28 22:34:41,289 - INFO - Starting FakeNewsNet training pipeline...
2025-11-28 22:34:41,290 - INFO - Downloading FakeNewsNet CSV dataset...
2025-11-28 22:34:41,290 - INFO - politifact_fake.csv already exists, skipping download
2025-11-28 22:34:41,290 - INFO - politifact_real.csv already exists, skipping download
2025-11-28 22:34:41,291 - INFO - gossipcop_fake.csv already exists, skipping download
2025-11-28 22:34:41,291 - INFO - gossipcop_real.csv already exists, skipping download
2025-11-28 22:34:41,291 - INFO - Dataset download completed!
2025-11-28 22:34:41,291 - INFO - Loading and processing FakeNewsNet CSV data...
2025-11-28 22:34:41,291 - INFO - Loading politifact_fake.csv...
2025-11-28 22:34:41,345 - INFO - Loaded 432 rows from politifact_fake.csv
2025-11-28 22:34:41,376 - INFO - Loading politifact_real.csv...
2025-11-28 22:34:41,519 - INFO - Loaded 624 rows from politifact_real.csv
2025-11-28 22:34:41,568 - INFO - Loading gossipcop_fake.csv...
2025-11-28 22:34:41,725 - INFO - Loaded 5323 rows from gossipcop_fake.csv
2025-11-28 22:34:42,197 - INFO - Loading gossipcop_real.csv...
2025-11-28 22:34:42,535 - INFO - Loaded 16817 rows from gossipcop_real.csv
2025-11-28 22:34:43,920 - INFO - Preprocessing text data...
2025-11-28 22:34:44,247 - INFO - Loaded 23123 articles total
2025-11-28 22:34:44,253 - INFO - Label distribution:
label
1    17384
0     5739
Name: count, dtype: int64
2025-11-28 22:34:44,258 - INFO - Source distribution:
source
gossipcop     22072
politifact     1051
Name: count, dtype: int64
2025-11-28 22:34:44,263 - INFO - Starting model training...
2025-11-28 22:34:44,282 - INFO - Training set size: 18498
2025-11-28 22:34:44,282 - INFO - Test set size: 4625
2025-11-28 22:34:44,283 - INFO - Vectorizing text with TF-IDF...
2025-11-28 22:34:45,702 - INFO - Training random_forest...
2025-11-28 22:34:51,360 - INFO - random_forest - Accuracy: 0.7821, F1: 0.7159
2025-11-28 22:34:51,360 - INFO - Training logistic_regression...
2025-11-28 22:34:51,863 - INFO - logistic_regression - Accuracy: 0.8461, F1: 0.8315
2025-11-28 22:34:51,864 - INFO - Training svm...
2025-11-28 23:06:48,592 - INFO - svm - Accuracy: 0.8486, F1: 0.8353
2025-11-28 23:06:48,594 - INFO - Training xgboost...
2025-11-28 23:07:34,214 - INFO - xgboost - Accuracy: 0.8307, F1: 0.8122
2025-11-28 23:07:34,214 - INFO - Training naive_bayes...
2025-11-28 23:07:34,307 - INFO - naive_bayes - Accuracy: 0.8409, F1: 0.8278
2025-11-28 23:07:34,308 - INFO - Training gradient_boosting...
2025-11-28 23:11:56,531 - INFO - gradient_boosting - Accuracy: 0.8318, F1: 0.8141
2025-11-28 23:11:56,544 - INFO - Creating ensemble model...
2025-11-28 23:18:14,490 - INFO - Ensemble model - Accuracy: 0.8493, F1: 0.8372
2025-11-28 23:18:14,491 - INFO - Saving trained models...
2025-11-28 23:18:14,789 - INFO - Saved random_forest to trained_models\fakenews_random_forest.pkl
2025-11-28 23:18:14,792 - INFO - Saved logistic_regression to trained_models\fakenews_logistic_regression.pkl
2025-11-28 23:18:14,798 - INFO - Saved svm to trained_models\fakenews_svm.pkl
2025-11-28 23:18:14,809 - INFO - Saved xgboost to trained_models\fakenews_xgboost.pkl
2025-11-28 23:18:14,824 - INFO - Saved naive_bayes to trained_models\fakenews_naive_bayes.pkl
2025-11-28 23:18:14,839 - INFO - Saved gradient_boosting to trained_models\fakenews_gradient_boosting.pkl
2025-11-28 23:18:14,851 - INFO - Saved ensemble to trained_models\fakenews_ensemble.pkl
2025-11-28 23:18:14,854 - INFO - Training completed! Results saved to trained_models\training_results.json
